I190705 12:03:12.016557 1 util/log/clog.go:1199  [config] file created at: 2019/07/05 12:03:12
I190705 12:03:12.016557 1 util/log/clog.go:1199  [config] running on machine: conan
I190705 12:03:12.016557 1 util/log/clog.go:1199  [config] binary: CockroachDB CCL v19.1.0 (x86_64-unknown-linux-gnu, built 2019/04/29 18:36:40, go1.11.6)
I190705 12:03:12.016557 1 util/log/clog.go:1199  [config] arguments: [cockroach start --insecure]
I190705 12:03:12.016557 1 util/log/clog.go:1199  line format: [IWEF]yymmdd hh:mm:ss.uuuuuu goid file:line msg utf8=✓
I190705 12:03:12.016556 1 cli/start.go:1033  logging to directory /home/conan/Documents/golang/cockroach-data/logs
W190705 12:03:12.016860 1 cli/start.go:1068  RUNNING IN INSECURE MODE!

- Your cluster is open for any client that can access <all your IP addresses>.
- Any user, even root, can log in without providing a password.
- Any user, connecting as root, can read or write any data in your cluster.
- There is no network encryption nor authentication, and thus no confidentiality.

Check out how to secure your cluster: https://www.cockroachlabs.com/docs/v19.1/secure-a-cluster.html
I190705 12:03:12.024889 1 server/status/recorder.go:610  available memory from cgroups (8.0 EiB) exceeds system memory 5.7 GiB, using system memory
W190705 12:03:12.025232 1 cli/start.go:944  Using the default setting for --cache (128 MiB).
  A significantly larger value is usually needed for good performance.
  If you have a dedicated server a reasonable setting is --cache=.25 (1.4 GiB).
I190705 12:03:12.025533 1 server/status/recorder.go:610  available memory from cgroups (8.0 EiB) exceeds system memory 5.7 GiB, using system memory
W190705 12:03:12.025574 1 cli/start.go:957  Using the default setting for --max-sql-memory (128 MiB).
  A significantly larger value is usually needed in production.
  If you have a dedicated server a reasonable setting is --max-sql-memory=.25 (1.4 GiB).
I190705 12:03:12.025742 1 server/status/recorder.go:610  available memory from cgroups (8.0 EiB) exceeds system memory 5.7 GiB, using system memory
I190705 12:03:12.025772 1 cli/start.go:1082  CockroachDB CCL v19.1.0 (x86_64-unknown-linux-gnu, built 2019/04/29 18:36:40, go1.11.6)
I190705 12:03:12.131390 1 server/status/recorder.go:610  available memory from cgroups (8.0 EiB) exceeds system memory 5.7 GiB, using system memory
I190705 12:03:12.131474 1 server/config.go:386  system total memory: 5.7 GiB
I190705 12:03:12.131638 1 server/config.go:388  server configuration:
max offset             500000000
cache size             128 MiB
SQL memory pool size   128 MiB
scan interval          10m0s
scan min idle time     10ms
scan max idle time     1s
event log enabled      true
I190705 12:03:12.131734 1 cli/start.go:929  process identity: uid 1000 euid 1000 gid 1000 egid 1000
I190705 12:03:12.131777 1 cli/start.go:554  starting cockroach node
I190705 12:03:12.178983 56 storage/engine/rocksdb.go:613  opening rocksdb instance at "/home/conan/Documents/golang/cockroach-data/cockroach-temp984050634"
I190705 12:03:12.794644 56 server/server.go:876  [n?] monitoring forward clock jumps based on server.clock.forward_jump_check_enabled
I190705 12:03:12.795192 56 storage/engine/rocksdb.go:613  opening rocksdb instance at "/home/conan/Documents/golang/cockroach-data"
I190705 12:03:13.186173 56 server/config.go:494  [n?] 1 storage engine initialized
I190705 12:03:13.186234 56 server/config.go:497  [n?] RocksDB cache size: 128 MiB
I190705 12:03:13.186273 56 server/config.go:497  [n?] store 0: RocksDB, max size 0 B, max open file limit 10000
W190705 12:03:13.284151 56 cli/start.go:896  neither --listen-addr nor --advertise-addr was specified.
The server will advertise "conan" to other nodes, is this routable?

Consider using:
- for local-only servers:  --listen-addr=localhost
- for multi-node clusters: --advertise-addr=<host/IP addr>
I190705 12:03:14.268448 56 util/stop/stopper.go:546  [n?] quiescing; tasks left:
1      [async] intent_resolver_ir_batcher
1      [async] intent_resolver_gc_batcher
1      [async] closedts-rangefeed-subscriber
I190705 12:03:14.268553 56 util/stop/stopper.go:546  [n?] quiescing; tasks left:
1      [async] closedts-rangefeed-subscriber
I190705 12:03:14.270714 56 server/node.go:358  [n?] **** cluster c745bcd2-6735-4a92-8ce1-de466def92c0 has been created
I190705 12:03:14.270771 56 server/server.go:1422  [n?] **** add additional nodes by specifying --join=conan:26257
I190705 12:03:14.271399 56 gossip/gossip.go:392  [n1] NodeDescriptor set to node_id:1 address:<network_field:"tcp" address_field:"conan:26257" > attrs:<> locality:<> ServerVersion:<major_val:19 minor_val:1 patch:0 unstable:0 > build_tag:"v19.1.0" started_at:1562328194271099534 
W190705 12:03:14.297665 177 storage/store.go:1525  [n1,s1,r6/1:/Table/{SystemCon…-11}] could not gossip system config: [NotLeaseHolderError] r6: replica (n1,s1):1 not lease holder; lease holder unknown
I190705 12:03:14.313498 56 server/node.go:461  [n1] initialized store [n1,s1]: disk (capacity=57 GiB, available=25 GiB, used=29 KiB, logicalBytes=8.3 KiB), ranges=20, leases=0, queries=0.00, writes=0.00, bytesPerReplica={p10=0.00 p25=0.00 p50=0.00 p75=0.00 p90=887.00 pMax=7467.00}, writesPerReplica={p10=0.00 p25=0.00 p50=0.00 p75=0.00 p90=0.00 pMax=0.00}
I190705 12:03:14.313617 56 storage/stores.go:244  [n1] read 0 node addresses from persistent storage
I190705 12:03:14.313841 56 server/node.go:699  [n1] connecting to gossip network to verify cluster ID...
I190705 12:03:14.313872 56 server/node.go:719  [n1] node connected via gossip and verified as part of cluster "c745bcd2-6735-4a92-8ce1-de466def92c0"
I190705 12:03:14.313968 56 server/node.go:542  [n1] node=1: started with [<no-attributes>=/home/conan/Documents/golang/cockroach-data] engine(s) and attributes []
I190705 12:03:14.314395 56 server/status/recorder.go:610  [n1] available memory from cgroups (8.0 EiB) exceeds system memory 5.7 GiB, using system memory
I190705 12:03:14.336992 56 server/server.go:1582  [n1] starting http server at [::]:8080 (use: conan:8080)
I190705 12:03:14.337057 56 server/server.go:1584  [n1] starting grpc/postgres server at [::]:26257
I190705 12:03:14.337087 56 server/server.go:1585  [n1] advertising CockroachDB node at conan:26257
W190705 12:03:14.397619 177 storage/store.go:1525  [n1,s1,r6/1:/Table/{SystemCon…-11}] could not gossip system config: [NotLeaseHolderError] r6: replica (n1,s1):1 not lease holder; lease holder unknown
W190705 12:03:14.402788 56 jobs/registry.go:341  [n1] unable to get node liveness: node not in the liveness table
W190705 12:03:14.490628 177 storage/store.go:1525  [n1,s1,r6/1:/Table/{SystemCon…-11}] could not gossip system config: [NotLeaseHolderError] r6: replica (n1,s1):1 not lease holder; lease holder unknown
W190705 12:03:14.699429 177 storage/store.go:1525  [n1,s1,r6/1:/Table/{SystemCon…-11}] could not gossip system config: [NotLeaseHolderError] r6: replica (n1,s1):1 not lease holder; lease holder unknown
I190705 12:03:15.406113 61 gossip/gossip.go:1510  [n1] node has connected to cluster via gossip
I190705 12:03:15.406301 61 storage/stores.go:263  [n1] wrote 0 node addresses to persistent storage
I190705 12:03:15.814665 260 sql/event_log.go:135  [n1,intExec=optInToDiagnosticsStatReporting] Event: "set_cluster_setting", target: 0, info: {SettingName:diagnostics.reporting.enabled Value:true User:root}
I190705 12:03:16.194959 268 sql/event_log.go:135  [n1,intExec=set-setting] Event: "set_cluster_setting", target: 0, info: {SettingName:version Value:19.1 User:root}
I190705 12:03:16.395726 232 sql/event_log.go:135  [n1,intExec=disableNetTrace] Event: "set_cluster_setting", target: 0, info: {SettingName:trace.debug.enable Value:false User:root}
I190705 12:03:16.930634 319 sql/event_log.go:135  [n1,intExec=initializeClusterSecret] Event: "set_cluster_setting", target: 0, info: {SettingName:cluster.secret Value:bfa6a172-ac6b-42a3-9584-7bfe006a4faa User:root}
I190705 12:03:17.198082 304 sql/event_log.go:135  [n1,intExec=create-default-db] Event: "create_database", target: 50, info: {DatabaseName:defaultdb Statement:CREATE DATABASE IF NOT EXISTS defaultdb User:root}
I190705 12:03:17.398510 326 sql/event_log.go:135  [n1,intExec=create-default-db] Event: "create_database", target: 51, info: {DatabaseName:postgres Statement:CREATE DATABASE IF NOT EXISTS postgres User:root}
I190705 12:03:17.743809 56 server/server.go:1650  [n1] done ensuring all necessary migrations have run
I190705 12:03:17.743866 56 server/server.go:1653  [n1] serving sql connections
I190705 12:03:17.744306 56 cli/start.go:689  [config] clusterID: c745bcd2-6735-4a92-8ce1-de466def92c0
I190705 12:03:17.744431 56 cli/start.go:697  node startup completed:
CockroachDB node starting at 2019-07-05 12:03:17.744037275 +0000 UTC (took 5.7s)
build:               CCL v19.1.0 @ 2019/04/29 18:36:40 (go1.11.6)
webui:               http://conan:8080
sql:                 postgresql://root@conan:26257?sslmode=disable
client flags:        cockroach <client cmd> --host=conan:26257 --insecure
logs:                /home/conan/Documents/golang/cockroach-data/logs
temp dir:            /home/conan/Documents/golang/cockroach-data/cockroach-temp984050634
external I/O path:   /home/conan/Documents/golang/cockroach-data/extern
store[0]:            path=/home/conan/Documents/golang/cockroach-data
status:              initialized new cluster
clusterID:           c745bcd2-6735-4a92-8ce1-de466def92c0
nodeID:              1
I190705 12:03:17.833220 332 server/server_update.go:67  [n1] no need to upgrade, cluster already at the newest version
I190705 12:03:17.977738 335 sql/event_log.go:135  [n1] Event: "node_join", target: 1, info: {Descriptor:{NodeID:1 Address:conan:26257 Attrs: Locality: ServerVersion:19.1 BuildTag:v19.1.0 StartedAt:1562328194271099534 LocalityAddress:[] XXX_NoUnkeyedLiteral:{} XXX_sizecache:0} ClusterID:c745bcd2-6735-4a92-8ce1-de466def92c0 StartedAt:1562328194271099534 LastUp:1562328194271099534}
I190705 12:03:19.562074 337 server/updates.go:266  [n1] A new version is available: 19.1.2, details: https://www.cockroachlabs.com/docs/releases/v19.1.2.html
I190705 12:03:23.451052 428 storage/replica_consistency.go:198  [n1,consistencyChecker,s1,r4/1:/System{/tsd-tse}] triggering stats recomputation to resolve delta of {ContainsEstimates:true LastUpdateNanos:1562328194839685922 IntentAge:0 GCBytesAge:0 LiveBytes:-29598 LiveCount:-591 KeyBytes:-28476 KeyCount:-591 ValBytes:-1122 ValCount:-591 IntentBytes:0 IntentCount:0 SysBytes:0 SysCount:0 XXX_NoUnkeyedLiteral:{} XXX_sizecache:0}
I190705 12:03:24.317695 63 storage/store.go:4220  [n1,s1] sstables (read amplification = 0):
I190705 12:03:24.318012 63 storage/store.go:4221  [n1,s1] 
** Compaction Stats [default] **
Level    Files   Size     Score Read(GB)  Rn(GB) Rnp1(GB) Write(GB) Wnew(GB) Moved(GB) W-Amp Rd(MB/s) Wr(MB/s) Comp(sec) Comp(cnt) Avg(sec) KeyIn KeyDrop
----------------------------------------------------------------------------------------------------------------------------------------------------------
 Sum      0/0    0.00 KB   0.0      0.0     0.0      0.0       0.0      0.0       0.0   0.0      0.0      0.0         0         0    0.000       0      0
 Int      0/0    0.00 KB   0.0      0.0     0.0      0.0       0.0      0.0       0.0   0.0      0.0      0.0         0         0    0.000       0      0
Uptime(secs): 11.2 total, 11.2 interval
Flush(GB): cumulative 0.000, interval 0.000
AddFile(GB): cumulative 0.000, interval 0.000
AddFile(Total Files): cumulative 0, interval 0
AddFile(L0 Files): cumulative 0, interval 0
AddFile(Keys): cumulative 0, interval 0
Cumulative compaction: 0.00 GB write, 0.00 MB/s write, 0.00 GB read, 0.00 MB/s read, 0.0 seconds
Interval compaction: 0.00 GB write, 0.00 MB/s write, 0.00 GB read, 0.00 MB/s read, 0.0 seconds
Stalls(count): 0 level0_slowdown, 0 level0_slowdown_with_compaction, 0 level0_numfiles, 0 level0_numfiles_with_compaction, 0 stop for pending_compaction_bytes, 0 slowdown for pending_compaction_bytes, 0 memtable_compaction, 0 memtable_slowdown, interval 0 total count
estimated_pending_compaction_bytes: 0 B
I190705 12:03:24.319879 212 server/status/runtime.go:500  [n1] runtime stats: 102 MiB RSS, 143 goroutines, 152 MiB/34 MiB/201 MiB GO alloc/idle/total, 15 MiB/19 MiB CGO alloc/total, 0.0 CGO/sec, 0.0/0.0 %(u/s)time, 0.0 %gc (10x), 2.4 MiB/112 KiB (r/w)net
I190705 12:03:34.324577 212 server/status/runtime.go:500  [n1] runtime stats: 109 MiB RSS, 141 goroutines, 160 MiB/27 MiB/201 MiB GO alloc/idle/total, 15 MiB/20 MiB CGO alloc/total, 102.8 CGO/sec, 2.0/0.6 %(u/s)time, 0.0 %gc (0x), 1.7 MiB/74 KiB (r/w)net
I190705 12:03:44.329003 212 server/status/runtime.go:500  [n1] runtime stats: 115 MiB RSS, 141 goroutines, 166 MiB/21 MiB/201 MiB GO alloc/idle/total, 16 MiB/20 MiB CGO alloc/total, 34.1 CGO/sec, 1.3/0.6 %(u/s)time, 0.0 %gc (0x), 2.0 MiB/75 KiB (r/w)net
I190705 12:03:54.333988 212 server/status/runtime.go:500  [n1] runtime stats: 123 MiB RSS, 142 goroutines, 172 MiB/14 MiB/201 MiB GO alloc/idle/total, 16 MiB/21 MiB CGO alloc/total, 29.7 CGO/sec, 1.4/0.5 %(u/s)time, 0.0 %gc (0x), 1.5 MiB/55 KiB (r/w)net
I190705 12:04:04.338387 212 server/status/runtime.go:500  [n1] runtime stats: 129 MiB RSS, 142 goroutines, 179 MiB/8.1 MiB/201 MiB GO alloc/idle/total, 16 MiB/21 MiB CGO alloc/total, 29.4 CGO/sec, 1.2/0.6 %(u/s)time, 0.0 %gc (0x), 2.3 MiB/83 KiB (r/w)net
I190705 12:04:14.314767 64 gossip/gossip.go:557  [n1] gossip status (ok, 1 node)
gossip client (0/3 cur/max conns)
gossip server (0/3 cur/max conns, infos 0/0 sent/received, bytes 0B/0B sent/received)
gossip connectivity
  n1 [sentinel];
I190705 12:04:14.342852 212 server/status/runtime.go:500  [n1] runtime stats: 136 MiB RSS, 143 goroutines, 185 MiB/1.8 MiB/201 MiB GO alloc/idle/total, 16 MiB/21 MiB CGO alloc/total, 28.7 CGO/sec, 1.6/0.2 %(u/s)time, 0.0 %gc (0x), 1.9 MiB/66 KiB (r/w)net
I190705 12:04:24.346929 212 server/status/runtime.go:500  [n1] runtime stats: 142 MiB RSS, 141 goroutines, 191 MiB/60 MiB/267 MiB GO alloc/idle/total, 16 MiB/21 MiB CGO alloc/total, 28.9 CGO/sec, 1.2/0.4 %(u/s)time, 0.0 %gc (0x), 2.4 MiB/90 KiB (r/w)net
I190705 12:04:34.351298 212 server/status/runtime.go:500  [n1] runtime stats: 149 MiB RSS, 141 goroutines, 197 MiB/54 MiB/267 MiB GO alloc/idle/total, 16 MiB/22 MiB CGO alloc/total, 28.3 CGO/sec, 1.2/0.5 %(u/s)time, 0.0 %gc (0x), 1.8 MiB/64 KiB (r/w)net
I190705 12:04:41.926803 1 cli/start.go:765  received signal 'interrupt'
I190705 12:04:41.959337 1 cli/start.go:830  initiating graceful shutdown of server
I190705 12:04:42.072065 564 util/stop/stopper.go:546  [server drain process] quiescing; tasks left:
1      [async] intent_resolver_ir_batcher
1      [async] intent_resolver_gc_batcher
1      [async] closedts-rangefeed-subscriber
W190705 12:04:42.076516 22 vendor/google.golang.org/grpc/clientconn.go:1304  grpc: addrConn.createTransport failed to connect to {conan:26257 0  <nil>}. Err :connection error: desc = "transport: failed to write client preface: io: read/write on closed pipe". Reconnecting...
I190705 12:04:42.104116 564 util/stop/stopper.go:546  [server drain process] quiescing; tasks left:
1      [async] intent_resolver_gc_batcher
1      [async] closedts-rangefeed-subscriber
W190705 12:04:42.137592 22 vendor/google.golang.org/grpc/clientconn.go:1440  grpc: addrConn.transportMonitor exits due to: grpc: the connection is closing
I190705 12:04:42.172043 564 storage/engine/rocksdb.go:746  closing rocksdb instance at "/home/conan/Documents/golang/cockroach-data/cockroach-temp984050634"
I190705 12:04:42.239942 564 storage/engine/rocksdb.go:746  closing rocksdb instance at "/home/conan/Documents/golang/cockroach-data"
I190705 12:04:42.272641 1 cli/start.go:876  server drained and shutdown completed
I190705 12:04:42.316572 1 cli/error.go:229  interrupted
Error: interrupted
