I190705 12:07:19.095194 1 util/log/clog.go:1199  [config] file created at: 2019/07/05 12:07:19
I190705 12:07:19.095194 1 util/log/clog.go:1199  [config] running on machine: conan
I190705 12:07:19.095194 1 util/log/clog.go:1199  [config] binary: CockroachDB CCL v19.1.0 (x86_64-unknown-linux-gnu, built 2019/04/29 18:36:40, go1.11.6)
I190705 12:07:19.095194 1 util/log/clog.go:1199  [config] arguments: [cockroach start --insecure]
I190705 12:07:19.095194 1 util/log/clog.go:1199  line format: [IWEF]yymmdd hh:mm:ss.uuuuuu goid file:line msg utf8=✓
I190705 12:07:19.095192 1 cli/start.go:1033  logging to directory /home/conan/Documents/golang/cockroach-data/logs
W190705 12:07:19.095573 1 cli/start.go:1068  RUNNING IN INSECURE MODE!

- Your cluster is open for any client that can access <all your IP addresses>.
- Any user, even root, can log in without providing a password.
- Any user, connecting as root, can read or write any data in your cluster.
- There is no network encryption nor authentication, and thus no confidentiality.

Check out how to secure your cluster: https://www.cockroachlabs.com/docs/v19.1/secure-a-cluster.html
I190705 12:07:19.095926 1 server/status/recorder.go:610  available memory from cgroups (8.0 EiB) exceeds system memory 5.7 GiB, using system memory
W190705 12:07:19.096101 1 cli/start.go:944  Using the default setting for --cache (128 MiB).
  A significantly larger value is usually needed for good performance.
  If you have a dedicated server a reasonable setting is --cache=.25 (1.4 GiB).
I190705 12:07:19.096400 1 server/status/recorder.go:610  available memory from cgroups (8.0 EiB) exceeds system memory 5.7 GiB, using system memory
W190705 12:07:19.096457 1 cli/start.go:957  Using the default setting for --max-sql-memory (128 MiB).
  A significantly larger value is usually needed in production.
  If you have a dedicated server a reasonable setting is --max-sql-memory=.25 (1.4 GiB).
I190705 12:07:19.096647 1 server/status/recorder.go:610  available memory from cgroups (8.0 EiB) exceeds system memory 5.7 GiB, using system memory
I190705 12:07:19.096673 1 cli/start.go:1082  CockroachDB CCL v19.1.0 (x86_64-unknown-linux-gnu, built 2019/04/29 18:36:40, go1.11.6)
I190705 12:07:19.199174 1 server/status/recorder.go:610  available memory from cgroups (8.0 EiB) exceeds system memory 5.7 GiB, using system memory
I190705 12:07:19.199277 1 server/config.go:386  system total memory: 5.7 GiB
I190705 12:07:19.199573 1 server/config.go:388  server configuration:
max offset             500000000
cache size             128 MiB
SQL memory pool size   128 MiB
scan interval          10m0s
scan min idle time     10ms
scan max idle time     1s
event log enabled      true
I190705 12:07:19.199679 1 cli/start.go:929  process identity: uid 1000 euid 1000 gid 1000 egid 1000
I190705 12:07:19.199738 1 cli/start.go:554  starting cockroach node
I190705 12:07:19.202833 52 storage/engine/rocksdb.go:613  opening rocksdb instance at "/home/conan/Documents/golang/cockroach-data/cockroach-temp476268926"
I190705 12:07:19.450352 52 server/server.go:876  [n?] monitoring forward clock jumps based on server.clock.forward_jump_check_enabled
I190705 12:07:19.451008 52 storage/engine/rocksdb.go:613  opening rocksdb instance at "/home/conan/Documents/golang/cockroach-data"
I190705 12:07:19.681726 52 server/config.go:494  [n?] 1 storage engine initialized
I190705 12:07:19.681756 52 server/config.go:497  [n?] RocksDB cache size: 128 MiB
I190705 12:07:19.681766 52 server/config.go:497  [n?] store 0: RocksDB, max size 0 B, max open file limit 10000
W190705 12:07:19.682672 52 cli/start.go:896  neither --listen-addr nor --advertise-addr was specified.
The server will advertise "conan" to other nodes, is this routable?

Consider using:
- for local-only servers:  --listen-addr=localhost
- for multi-node clusters: --advertise-addr=<host/IP addr>
I190705 12:07:19.766263 52 server/server.go:926  [n?] Sleeping till wall time 1562328439766084367 to catches up to 1562328439950278628 to ensure monotonicity. Delta: 184.194261ms
W190705 12:07:19.822602 17 storage/engine/rocksdb.go:127  [rocksdb] [/go/src/github.com/cockroachdb/cockroach/c-deps/rocksdb/db/version_set.cc:2566] More existing levels in DB than needed. max_bytes_for_level_multiplier may not be guaranteed.
I190705 12:07:19.954398 52 gossip/gossip.go:392  [n1] NodeDescriptor set to node_id:1 address:<network_field:"tcp" address_field:"conan:26257" > attrs:<> locality:<> ServerVersion:<major_val:19 minor_val:1 patch:0 unstable:0 > build_tag:"v19.1.0" started_at:1562328439951805851 
W190705 12:07:20.012377 147 storage/replica_range_lease.go:506  can't determine lease status due to node liveness error: node not in the liveness table
W190705 12:07:20.012454 147 storage/store.go:1525  [n1,s1,r6/1:/Table/{SystemCon…-11}] could not gossip system config: [NotLeaseHolderError] r6: replica (n1,s1):1 not lease holder; lease holder unknown
I190705 12:07:20.013257 52 server/node.go:461  [n1] initialized store [n1,s1]: disk (capacity=57 GiB, available=25 GiB, used=128 KiB, logicalBytes=735 KiB), ranges=20, leases=0, queries=0.00, writes=0.00, bytesPerReplica={p10=0.00 p25=0.00 p50=0.00 p75=2502.00 p90=25177.00 pMax=711870.00}, writesPerReplica={p10=0.00 p25=0.00 p50=0.00 p75=0.00 p90=0.00 pMax=0.00}
I190705 12:07:20.013385 52 storage/stores.go:244  [n1] read 0 node addresses from persistent storage
I190705 12:07:20.013560 52 server/node.go:699  [n1] connecting to gossip network to verify cluster ID...
I190705 12:07:20.013589 52 server/node.go:719  [n1] node connected via gossip and verified as part of cluster "c745bcd2-6735-4a92-8ce1-de466def92c0"
I190705 12:07:20.013747 52 server/node.go:542  [n1] node=1: started with [<no-attributes>=/home/conan/Documents/golang/cockroach-data] engine(s) and attributes []
I190705 12:07:20.014064 52 server/status/recorder.go:610  [n1] available memory from cgroups (8.0 EiB) exceeds system memory 5.7 GiB, using system memory
I190705 12:07:20.014192 52 server/server.go:1582  [n1] starting http server at [::]:8080 (use: conan:8080)
I190705 12:07:20.014229 52 server/server.go:1584  [n1] starting grpc/postgres server at [::]:26257
I190705 12:07:20.014261 52 server/server.go:1585  [n1] advertising CockroachDB node at conan:26257
W190705 12:07:20.014312 52 jobs/registry.go:341  [n1] unable to get node liveness: node not in the liveness table
W190705 12:07:20.069263 147 storage/store.go:1525  [n1,s1,r6/1:/Table/{SystemCon…-11}] could not gossip system config: [NotLeaseHolderError] r6: replica (n1,s1):1 not lease holder; lease holder unknown
I190705 12:07:20.134111 182 storage/node_liveness.go:453  [n1,hb] heartbeat failed on epoch increment; retrying
I190705 12:07:20.169781 52 server/server.go:1650  [n1] done ensuring all necessary migrations have run
I190705 12:07:20.169851 52 server/server.go:1653  [n1] serving sql connections
I190705 12:07:20.170218 52 cli/start.go:689  [config] clusterID: c745bcd2-6735-4a92-8ce1-de466def92c0
I190705 12:07:20.170306 52 cli/start.go:697  node startup completed:
CockroachDB node starting at 2019-07-05 12:07:20.170010664 +0000 UTC (took 1.1s)
build:               CCL v19.1.0 @ 2019/04/29 18:36:40 (go1.11.6)
webui:               http://conan:8080
sql:                 postgresql://root@conan:26257?sslmode=disable
client flags:        cockroach <client cmd> --host=conan:26257 --insecure
logs:                /home/conan/Documents/golang/cockroach-data/logs
temp dir:            /home/conan/Documents/golang/cockroach-data/cockroach-temp476268926
external I/O path:   /home/conan/Documents/golang/cockroach-data/extern
store[0]:            path=/home/conan/Documents/golang/cockroach-data
status:              restarted pre-existing node
clusterID:           c745bcd2-6735-4a92-8ce1-de466def92c0
nodeID:              1
I190705 12:07:20.279824 214 server/server_update.go:64  [n1] failed attempt to upgrade cluster version, error: node 1 not running (UNAVAILABLE), cannot determine version
I190705 12:07:20.504145 217 sql/event_log.go:135  [n1] Event: "node_restart", target: 1, info: {Descriptor:{NodeID:1 Address:conan:26257 Attrs: Locality: ServerVersion:19.1 BuildTag:v19.1.0 StartedAt:1562328439951805851 LocalityAddress:[] XXX_NoUnkeyedLiteral:{} XXX_sizecache:0} ClusterID:c745bcd2-6735-4a92-8ce1-de466def92c0 StartedAt:1562328439951805851 LastUp:1562328434782238128}
I190705 12:07:21.439965 214 server/server_update.go:67  [n1] no need to upgrade, cluster already at the newest version
I190705 12:07:22.133249 102 gossip/gossip.go:1510  [n1] node has connected to cluster via gossip
I190705 12:07:22.133528 102 storage/stores.go:263  [n1] wrote 0 node addresses to persistent storage
I190705 12:07:30.014671 105 storage/store.go:4220  [n1,s1] sstables (read amplification = 1):
6 [ 78K 1 ]: 78K
I190705 12:07:30.014872 105 storage/store.go:4221  [n1,s1] 
** Compaction Stats [default] **
Level    Files   Size     Score Read(GB)  Rn(GB) Rnp1(GB) Write(GB) Wnew(GB) Moved(GB) W-Amp Rd(MB/s) Wr(MB/s) Comp(sec) Comp(cnt) Avg(sec) KeyIn KeyDrop
----------------------------------------------------------------------------------------------------------------------------------------------------------
  L0      0/0    0.00 KB   0.0      0.0     0.0      0.0       0.0      0.0       0.0   1.0      0.0      0.9         0         1    0.061       0      0
  L6      1/0   78.30 KB   0.0      0.0     0.0      0.0       0.0      0.0       0.0   0.6      1.2      0.7         0         1    0.107    2228    410
 Sum      1/0   78.30 KB   0.0      0.0     0.0      0.0       0.0      0.0       0.0   2.4      0.8      0.8         0         2    0.084    2228    410
 Int      0/0    0.00 KB   0.0      0.0     0.0      0.0       0.0      0.0       0.0   2.4      0.8      0.8         0         2    0.084    2228    410
Uptime(secs): 10.6 total, 10.6 interval
Flush(GB): cumulative 0.000, interval 0.000
AddFile(GB): cumulative 0.000, interval 0.000
AddFile(Total Files): cumulative 0, interval 0
AddFile(L0 Files): cumulative 0, interval 0
AddFile(Keys): cumulative 0, interval 0
Cumulative compaction: 0.00 GB write, 0.01 MB/s write, 0.00 GB read, 0.01 MB/s read, 0.2 seconds
Interval compaction: 0.00 GB write, 0.01 MB/s write, 0.00 GB read, 0.01 MB/s read, 0.2 seconds
Stalls(count): 0 level0_slowdown, 0 level0_slowdown_with_compaction, 0 level0_numfiles, 0 level0_numfiles_with_compaction, 0 stop for pending_compaction_bytes, 0 slowdown for pending_compaction_bytes, 0 memtable_compaction, 0 memtable_slowdown, interval 0 total count
estimated_pending_compaction_bytes: 0 B
I190705 12:07:30.017395 110 server/status/runtime.go:500  [n1] runtime stats: 154 MiB RSS, 131 goroutines, 76 MiB/47 MiB/135 MiB GO alloc/idle/total, 16 MiB/20 MiB CGO alloc/total, 0.0 CGO/sec, 0.0/0.0 %(u/s)time, 0.0 %gc (9x), 1.9 MiB/140 KiB (r/w)net
I190705 12:07:40.021685 110 server/status/runtime.go:500  [n1] runtime stats: 155 MiB RSS, 131 goroutines, 82 MiB/41 MiB/135 MiB GO alloc/idle/total, 16 MiB/21 MiB CGO alloc/total, 56.3 CGO/sec, 1.4/0.3 %(u/s)time, 0.0 %gc (0x), 2.8 MiB/135 KiB (r/w)net
I190705 12:07:50.024774 110 server/status/runtime.go:500  [n1] runtime stats: 162 MiB RSS, 133 goroutines, 89 MiB/35 MiB/135 MiB GO alloc/idle/total, 16 MiB/21 MiB CGO alloc/total, 29.5 CGO/sec, 1.1/0.4 %(u/s)time, 0.0 %gc (0x), 1.6 MiB/61 KiB (r/w)net
I190705 12:08:00.029417 110 server/status/runtime.go:500  [n1] runtime stats: 169 MiB RSS, 132 goroutines, 95 MiB/29 MiB/135 MiB GO alloc/idle/total, 16 MiB/21 MiB CGO alloc/total, 24.5 CGO/sec, 1.3/0.3 %(u/s)time, 0.0 %gc (0x), 2.1 MiB/72 KiB (r/w)net
I190705 12:08:10.032791 110 server/status/runtime.go:500  [n1] runtime stats: 176 MiB RSS, 132 goroutines, 101 MiB/23 MiB/135 MiB GO alloc/idle/total, 16 MiB/22 MiB CGO alloc/total, 31.2 CGO/sec, 1.2/0.6 %(u/s)time, 0.0 %gc (0x), 2.5 MiB/90 KiB (r/w)net
I190705 12:08:20.014005 106 gossip/gossip.go:557  [n1] gossip status (ok, 1 node)
gossip client (0/3 cur/max conns)
gossip server (0/3 cur/max conns, infos 0/0 sent/received, bytes 0B/0B sent/received)
gossip connectivity
  n1 [sentinel];
I190705 12:08:20.036089 110 server/status/runtime.go:500  [n1] runtime stats: 183 MiB RSS, 131 goroutines, 107 MiB/16 MiB/135 MiB GO alloc/idle/total, 16 MiB/22 MiB CGO alloc/total, 31.4 CGO/sec, 1.1/0.2 %(u/s)time, 0.0 %gc (0x), 1.9 MiB/86 KiB (r/w)net
I190705 12:08:30.038134 110 server/status/runtime.go:500  [n1] runtime stats: 189 MiB RSS, 131 goroutines, 113 MiB/10 MiB/135 MiB GO alloc/idle/total, 16 MiB/22 MiB CGO alloc/total, 25.0 CGO/sec, 0.9/0.3 %(u/s)time, 0.0 %gc (0x), 838 KiB/47 KiB (r/w)net
I190705 12:08:40.042143 110 server/status/runtime.go:500  [n1] runtime stats: 194 MiB RSS, 131 goroutines, 78 MiB/44 MiB/135 MiB GO alloc/idle/total, 16 MiB/22 MiB CGO alloc/total, 25.5 CGO/sec, 0.8/0.7 %(u/s)time, 0.0 %gc (1x), 286 KiB/48 KiB (r/w)net
I190705 12:08:50.046145 110 server/status/runtime.go:500  [n1] runtime stats: 195 MiB RSS, 133 goroutines, 84 MiB/38 MiB/135 MiB GO alloc/idle/total, 16 MiB/22 MiB CGO alloc/total, 29.1 CGO/sec, 0.7/0.7 %(u/s)time, 0.0 %gc (0x), 4.2 KiB/4.5 KiB (r/w)net
I190705 12:09:00.050228 110 server/status/runtime.go:500  [n1] runtime stats: 195 MiB RSS, 132 goroutines, 91 MiB/32 MiB/135 MiB GO alloc/idle/total, 17 MiB/23 MiB CGO alloc/total, 31.9 CGO/sec, 0.9/0.6 %(u/s)time, 0.0 %gc (0x), 1.7 KiB/2.0 KiB (r/w)net
I190705 12:09:10.054198 110 server/status/runtime.go:500  [n1] runtime stats: 196 MiB RSS, 132 goroutines, 97 MiB/27 MiB/135 MiB GO alloc/idle/total, 17 MiB/23 MiB CGO alloc/total, 25.5 CGO/sec, 0.9/0.6 %(u/s)time, 0.0 %gc (0x), 1.5 KiB/2.2 KiB (r/w)net
I190705 12:09:20.014176 106 gossip/gossip.go:557  [n1] gossip status (ok, 1 node)
gossip client (0/3 cur/max conns)
gossip server (0/3 cur/max conns, infos 0/0 sent/received, bytes 0B/0B sent/received)
I190705 12:09:20.058032 110 server/status/runtime.go:500  [n1] runtime stats: 196 MiB RSS, 132 goroutines, 103 MiB/21 MiB/135 MiB GO alloc/idle/total, 17 MiB/23 MiB CGO alloc/total, 27.4 CGO/sec, 0.9/0.6 %(u/s)time, 0.0 %gc (0x), 982 B/1.3 KiB (r/w)net
I190705 12:09:30.061412 110 server/status/runtime.go:500  [n1] runtime stats: 197 MiB RSS, 131 goroutines, 109 MiB/15 MiB/135 MiB GO alloc/idle/total, 17 MiB/23 MiB CGO alloc/total, 27.3 CGO/sec, 0.8/0.6 %(u/s)time, 0.0 %gc (0x), 945 B/1.2 KiB (r/w)net
I190705 12:09:40.065712 110 server/status/runtime.go:500  [n1] runtime stats: 226 MiB RSS, 135 goroutines, 104 MiB/82 MiB/201 MiB GO alloc/idle/total, 17 MiB/23 MiB CGO alloc/total, 34.9 CGO/sec, 2.9/0.8 %(u/s)time, 0.2 %gc (1x), 5.9 MiB/5.9 MiB (r/w)net
I190705 12:09:50.069888 110 server/status/runtime.go:500  [n1] runtime stats: 249 MiB RSS, 148 goroutines, 110 MiB/76 MiB/202 MiB GO alloc/idle/total, 17 MiB/23 MiB CGO alloc/total, 233.5 CGO/sec, 7.6/0.6 %(u/s)time, 0.2 %gc (1x), 56 KiB/61 KiB (r/w)net
I190705 12:10:00.073093 110 server/status/runtime.go:500  [n1] runtime stats: 250 MiB RSS, 148 goroutines, 117 MiB/70 MiB/202 MiB GO alloc/idle/total, 17 MiB/24 MiB CGO alloc/total, 25.0 CGO/sec, 1.3/0.5 %(u/s)time, 0.0 %gc (0x), 7.1 KiB/9.4 KiB (r/w)net
I190705 12:10:10.076133 110 server/status/runtime.go:500  [n1] runtime stats: 250 MiB RSS, 148 goroutines, 126 MiB/61 MiB/202 MiB GO alloc/idle/total, 18 MiB/24 MiB CGO alloc/total, 38.4 CGO/sec, 1.4/0.5 %(u/s)time, 0.0 %gc (0x), 121 KiB/122 KiB (r/w)net
I190705 12:10:20.014419 106 gossip/gossip.go:557  [n1] gossip status (ok, 1 node)
gossip client (0/3 cur/max conns)
gossip server (0/3 cur/max conns, infos 0/0 sent/received, bytes 0B/0B sent/received)
I190705 12:10:20.078130 110 server/status/runtime.go:500  [n1] runtime stats: 250 MiB RSS, 148 goroutines, 133 MiB/54 MiB/202 MiB GO alloc/idle/total, 18 MiB/24 MiB CGO alloc/total, 30.3 CGO/sec, 1.4/0.5 %(u/s)time, 0.0 %gc (0x), 33 KiB/37 KiB (r/w)net
I190705 12:10:30.082230 110 server/status/runtime.go:500  [n1] runtime stats: 250 MiB RSS, 147 goroutines, 140 MiB/47 MiB/202 MiB GO alloc/idle/total, 18 MiB/24 MiB CGO alloc/total, 30.2 CGO/sec, 1.3/0.4 %(u/s)time, 0.0 %gc (0x), 30 KiB/30 KiB (r/w)net
I190705 12:10:40.086455 110 server/status/runtime.go:500  [n1] runtime stats: 251 MiB RSS, 147 goroutines, 146 MiB/41 MiB/202 MiB GO alloc/idle/total, 18 MiB/24 MiB CGO alloc/total, 26.9 CGO/sec, 1.1/0.6 %(u/s)time, 0.0 %gc (0x), 32 KiB/33 KiB (r/w)net
I190705 12:10:50.088754 110 server/status/runtime.go:500  [n1] runtime stats: 251 MiB RSS, 148 goroutines, 153 MiB/34 MiB/202 MiB GO alloc/idle/total, 18 MiB/24 MiB CGO alloc/total, 24.4 CGO/sec, 1.1/0.7 %(u/s)time, 0.0 %gc (0x), 31 KiB/30 KiB (r/w)net
I190705 12:11:00.091100 110 server/status/runtime.go:500  [n1] runtime stats: 252 MiB RSS, 148 goroutines, 84 MiB/99 MiB/202 MiB GO alloc/idle/total, 18 MiB/24 MiB CGO alloc/total, 26.6 CGO/sec, 1.0/0.5 %(u/s)time, 0.0 %gc (1x), 706 KiB/89 KiB (r/w)net
I190705 12:11:10.096979 110 server/status/runtime.go:500  [n1] runtime stats: 252 MiB RSS, 148 goroutines, 93 MiB/91 MiB/202 MiB GO alloc/idle/total, 17 MiB/24 MiB CGO alloc/total, 33.0 CGO/sec, 1.1/0.4 %(u/s)time, 0.0 %gc (0x), 820 KiB/83 KiB (r/w)net
I190705 12:11:20.014112 106 gossip/gossip.go:557  [n1] gossip status (ok, 1 node)
gossip client (0/3 cur/max conns)
gossip server (0/3 cur/max conns, infos 0/0 sent/received, bytes 0B/0B sent/received)
I190705 12:11:20.101567 110 server/status/runtime.go:500  [n1] runtime stats: 252 MiB RSS, 147 goroutines, 99 MiB/85 MiB/202 MiB GO alloc/idle/total, 17 MiB/24 MiB CGO alloc/total, 31.7 CGO/sec, 1.1/0.7 %(u/s)time, 0.0 %gc (0x), 914 KiB/70 KiB (r/w)net
I190705 12:11:30.106053 110 server/status/runtime.go:500  [n1] runtime stats: 252 MiB RSS, 147 goroutines, 106 MiB/79 MiB/202 MiB GO alloc/idle/total, 18 MiB/24 MiB CGO alloc/total, 28.5 CGO/sec, 1.1/0.5 %(u/s)time, 0.0 %gc (0x), 700 KiB/55 KiB (r/w)net
I190705 12:11:40.108917 110 server/status/runtime.go:500  [n1] runtime stats: 253 MiB RSS, 147 goroutines, 112 MiB/73 MiB/202 MiB GO alloc/idle/total, 18 MiB/25 MiB CGO alloc/total, 25.4 CGO/sec, 1.0/0.6 %(u/s)time, 0.0 %gc (0x), 993 KiB/71 KiB (r/w)net
I190705 12:11:50.114074 110 server/status/runtime.go:500  [n1] runtime stats: 253 MiB RSS, 148 goroutines, 119 MiB/66 MiB/202 MiB GO alloc/idle/total, 18 MiB/25 MiB CGO alloc/total, 34.9 CGO/sec, 1.3/0.6 %(u/s)time, 0.0 %gc (0x), 759 KiB/65 KiB (r/w)net
I190705 12:12:00.118281 110 server/status/runtime.go:500  [n1] runtime stats: 253 MiB RSS, 148 goroutines, 126 MiB/60 MiB/202 MiB GO alloc/idle/total, 18 MiB/25 MiB CGO alloc/total, 25.6 CGO/sec, 1.0/0.5 %(u/s)time, 0.0 %gc (0x), 498 KiB/50 KiB (r/w)net
I190705 12:12:10.122750 110 server/status/runtime.go:500  [n1] runtime stats: 254 MiB RSS, 148 goroutines, 132 MiB/54 MiB/202 MiB GO alloc/idle/total, 18 MiB/25 MiB CGO alloc/total, 25.3 CGO/sec, 1.4/0.3 %(u/s)time, 0.0 %gc (0x), 540 KiB/52 KiB (r/w)net
I190705 12:12:20.014144 106 gossip/gossip.go:557  [n1] gossip status (ok, 1 node)
gossip client (0/3 cur/max conns)
gossip server (0/3 cur/max conns, infos 0/0 sent/received, bytes 0B/0B sent/received)
I190705 12:12:20.128212 110 server/status/runtime.go:500  [n1] runtime stats: 254 MiB RSS, 147 goroutines, 139 MiB/47 MiB/202 MiB GO alloc/idle/total, 18 MiB/25 MiB CGO alloc/total, 31.7 CGO/sec, 1.0/0.7 %(u/s)time, 0.0 %gc (0x), 745 KiB/58 KiB (r/w)net
I190705 12:12:30.133106 110 server/status/runtime.go:500  [n1] runtime stats: 254 MiB RSS, 147 goroutines, 146 MiB/41 MiB/202 MiB GO alloc/idle/total, 18 MiB/25 MiB CGO alloc/total, 24.2 CGO/sec, 1.4/0.3 %(u/s)time, 0.0 %gc (0x), 781 KiB/56 KiB (r/w)net
I190705 12:12:40.138169 110 server/status/runtime.go:500  [n1] runtime stats: 254 MiB RSS, 147 goroutines, 82 MiB/100 MiB/202 MiB GO alloc/idle/total, 18 MiB/25 MiB CGO alloc/total, 34.7 CGO/sec, 1.9/0.2 %(u/s)time, 0.0 %gc (1x), 789 KiB/53 KiB (r/w)net
I190705 12:12:50.143206 110 server/status/runtime.go:500  [n1] runtime stats: 254 MiB RSS, 148 goroutines, 89 MiB/95 MiB/202 MiB GO alloc/idle/total, 18 MiB/25 MiB CGO alloc/total, 26.8 CGO/sec, 1.3/0.4 %(u/s)time, 0.0 %gc (0x), 587 KiB/29 KiB (r/w)net
I190705 12:13:00.147263 110 server/status/runtime.go:500  [n1] runtime stats: 254 MiB RSS, 148 goroutines, 96 MiB/89 MiB/202 MiB GO alloc/idle/total, 18 MiB/25 MiB CGO alloc/total, 28.5 CGO/sec, 1.2/0.6 %(u/s)time, 0.0 %gc (0x), 316 KiB/49 KiB (r/w)net
I190705 12:13:10.151631 110 server/status/runtime.go:500  [n1] runtime stats: 254 MiB RSS, 148 goroutines, 103 MiB/82 MiB/202 MiB GO alloc/idle/total, 17 MiB/25 MiB CGO alloc/total, 27.2 CGO/sec, 0.9/0.7 %(u/s)time, 0.0 %gc (0x), 297 KiB/48 KiB (r/w)net
I190705 12:13:20.014477 106 gossip/gossip.go:557  [n1] gossip status (ok, 1 node)
gossip client (0/3 cur/max conns)
gossip server (0/3 cur/max conns, infos 0/0 sent/received, bytes 0B/0B sent/received)
I190705 12:13:20.157062 110 server/status/runtime.go:500  [n1] runtime stats: 255 MiB RSS, 147 goroutines, 110 MiB/76 MiB/202 MiB GO alloc/idle/total, 17 MiB/25 MiB CGO alloc/total, 35.8 CGO/sec, 1.3/0.5 %(u/s)time, 0.0 %gc (0x), 296 KiB/48 KiB (r/w)net
I190705 12:13:30.161770 110 server/status/runtime.go:500  [n1] runtime stats: 255 MiB RSS, 147 goroutines, 116 MiB/70 MiB/202 MiB GO alloc/idle/total, 17 MiB/25 MiB CGO alloc/total, 28.3 CGO/sec, 1.2/0.5 %(u/s)time, 0.0 %gc (0x), 294 KiB/43 KiB (r/w)net
I190705 12:13:40.166846 110 server/status/runtime.go:500  [n1] runtime stats: 255 MiB RSS, 147 goroutines, 123 MiB/64 MiB/202 MiB GO alloc/idle/total, 17 MiB/25 MiB CGO alloc/total, 25.8 CGO/sec, 1.1/0.4 %(u/s)time, 0.0 %gc (0x), 319 KiB/44 KiB (r/w)net
I190705 12:13:50.170988 110 server/status/runtime.go:500  [n1] runtime stats: 255 MiB RSS, 148 goroutines, 129 MiB/57 MiB/202 MiB GO alloc/idle/total, 17 MiB/25 MiB CGO alloc/total, 27.1 CGO/sec, 0.9/0.9 %(u/s)time, 0.0 %gc (0x), 178 KiB/42 KiB (r/w)net
I190705 12:14:00.175368 110 server/status/runtime.go:500  [n1] runtime stats: 256 MiB RSS, 148 goroutines, 136 MiB/51 MiB/202 MiB GO alloc/idle/total, 17 MiB/25 MiB CGO alloc/total, 28.3 CGO/sec, 1.1/0.6 %(u/s)time, 0.0 %gc (0x), 29 KiB/29 KiB (r/w)net
I190705 12:14:10.179331 110 server/status/runtime.go:500  [n1] runtime stats: 256 MiB RSS, 148 goroutines, 142 MiB/44 MiB/202 MiB GO alloc/idle/total, 25 MiB/33 MiB CGO alloc/total, 33.1 CGO/sec, 1.2/0.6 %(u/s)time, 0.0 %gc (0x), 34 KiB/32 KiB (r/w)net
I190705 12:14:20.014086 106 gossip/gossip.go:557  [n1] gossip status (ok, 1 node)
gossip client (0/3 cur/max conns)
gossip server (0/3 cur/max conns, infos 0/0 sent/received, bytes 0B/0B sent/received)
I190705 12:14:20.184575 110 server/status/runtime.go:500  [n1] runtime stats: 256 MiB RSS, 147 goroutines, 149 MiB/38 MiB/202 MiB GO alloc/idle/total, 25 MiB/33 MiB CGO alloc/total, 24.4 CGO/sec, 1.2/0.5 %(u/s)time, 0.0 %gc (0x), 34 KiB/36 KiB (r/w)net
I190705 12:14:30.188939 110 server/status/runtime.go:500  [n1] runtime stats: 256 MiB RSS, 147 goroutines, 85 MiB/98 MiB/202 MiB GO alloc/idle/total, 25 MiB/33 MiB CGO alloc/total, 26.7 CGO/sec, 1.2/0.7 %(u/s)time, 0.0 %gc (1x), 29 KiB/30 KiB (r/w)net
I190705 12:14:40.194049 110 server/status/runtime.go:500  [n1] runtime stats: 256 MiB RSS, 147 goroutines, 92 MiB/92 MiB/202 MiB GO alloc/idle/total, 25 MiB/33 MiB CGO alloc/total, 23.9 CGO/sec, 1.4/0.2 %(u/s)time, 0.0 %gc (0x), 4.1 KiB/4.3 KiB (r/w)net
I190705 12:14:50.199317 110 server/status/runtime.go:500  [n1] runtime stats: 248 MiB RSS, 144 goroutines, 99 MiB/77 MiB/194 MiB GO alloc/idle/total, 25 MiB/33 MiB CGO alloc/total, 33.3 CGO/sec, 1.1/0.6 %(u/s)time, 0.0 %gc (0x), 33 KiB/34 KiB (r/w)net
I190705 12:15:00.203581 110 server/status/runtime.go:500  [n1] runtime stats: 249 MiB RSS, 144 goroutines, 106 MiB/70 MiB/194 MiB GO alloc/idle/total, 25 MiB/33 MiB CGO alloc/total, 29.9 CGO/sec, 1.3/0.3 %(u/s)time, 0.0 %gc (0x), 36 KiB/38 KiB (r/w)net
I190705 12:15:10.207698 110 server/status/runtime.go:500  [n1] runtime stats: 249 MiB RSS, 146 goroutines, 115 MiB/63 MiB/194 MiB GO alloc/idle/total, 25 MiB/33 MiB CGO alloc/total, 42.5 CGO/sec, 1.3/0.8 %(u/s)time, 0.0 %gc (0x), 49 KiB/48 KiB (r/w)net
I190705 12:15:20.014166 106 gossip/gossip.go:557  [n1] gossip status (ok, 1 node)
gossip client (0/3 cur/max conns)
gossip server (0/3 cur/max conns, infos 0/0 sent/received, bytes 0B/0B sent/received)
I190705 12:15:20.211743 110 server/status/runtime.go:500  [n1] runtime stats: 250 MiB RSS, 145 goroutines, 125 MiB/54 MiB/194 MiB GO alloc/idle/total, 25 MiB/33 MiB CGO alloc/total, 63.5 CGO/sec, 2.2/0.4 %(u/s)time, 0.0 %gc (0x), 16 KiB/18 KiB (r/w)net
I190705 12:15:30.217014 110 server/status/runtime.go:500  [n1] runtime stats: 250 MiB RSS, 145 goroutines, 131 MiB/48 MiB/194 MiB GO alloc/idle/total, 25 MiB/33 MiB CGO alloc/total, 25.5 CGO/sec, 1.2/0.5 %(u/s)time, 0.0 %gc (0x), 8.5 KiB/13 KiB (r/w)net
I190705 12:15:40.222801 110 server/status/runtime.go:500  [n1] runtime stats: 250 MiB RSS, 145 goroutines, 137 MiB/42 MiB/194 MiB GO alloc/idle/total, 25 MiB/33 MiB CGO alloc/total, 29.6 CGO/sec, 1.5/0.3 %(u/s)time, 0.0 %gc (0x), 5.9 KiB/6.8 KiB (r/w)net
I190705 12:15:50.227595 110 server/status/runtime.go:500  [n1] runtime stats: 250 MiB RSS, 146 goroutines, 143 MiB/36 MiB/194 MiB GO alloc/idle/total, 25 MiB/33 MiB CGO alloc/total, 27.3 CGO/sec, 1.4/0.5 %(u/s)time, 0.0 %gc (0x), 880 KiB/78 KiB (r/w)net
I190705 12:16:00.232995 110 server/status/runtime.go:500  [n1] runtime stats: 250 MiB RSS, 146 goroutines, 80 MiB/94 MiB/194 MiB GO alloc/idle/total, 24 MiB/33 MiB CGO alloc/total, 39.4 CGO/sec, 1.4/0.6 %(u/s)time, 0.0 %gc (1x), 1.2 MiB/217 KiB (r/w)net
I190705 12:16:10.235225 110 server/status/runtime.go:500  [n1] runtime stats: 251 MiB RSS, 146 goroutines, 88 MiB/86 MiB/194 MiB GO alloc/idle/total, 24 MiB/33 MiB CGO alloc/total, 32.7 CGO/sec, 1.3/0.3 %(u/s)time, 0.0 %gc (0x), 864 KiB/216 KiB (r/w)net
I190705 12:16:20.014188 106 gossip/gossip.go:557  [n1] gossip status (ok, 1 node)
gossip client (0/3 cur/max conns)
gossip server (0/3 cur/max conns, infos 0/0 sent/received, bytes 0B/0B sent/received)
I190705 12:16:20.238932 110 server/status/runtime.go:500  [n1] runtime stats: 251 MiB RSS, 145 goroutines, 95 MiB/81 MiB/194 MiB GO alloc/idle/total, 24 MiB/33 MiB CGO alloc/total, 30.5 CGO/sec, 0.8/0.6 %(u/s)time, 0.0 %gc (0x), 581 KiB/43 KiB (r/w)net
I190705 12:16:30.243945 110 server/status/runtime.go:500  [n1] runtime stats: 251 MiB RSS, 145 goroutines, 101 MiB/75 MiB/194 MiB GO alloc/idle/total, 23 MiB/33 MiB CGO alloc/total, 34.7 CGO/sec, 1.0/0.7 %(u/s)time, 0.0 %gc (0x), 1.1 MiB/67 KiB (r/w)net
I190705 12:16:40.247334 110 server/status/runtime.go:500  [n1] runtime stats: 252 MiB RSS, 145 goroutines, 109 MiB/68 MiB/194 MiB GO alloc/idle/total, 23 MiB/33 MiB CGO alloc/total, 27.8 CGO/sec, 1.2/0.4 %(u/s)time, 0.0 %gc (0x), 573 KiB/97 KiB (r/w)net
I190705 12:16:50.251444 110 server/status/runtime.go:500  [n1] runtime stats: 252 MiB RSS, 148 goroutines, 126 MiB/52 MiB/194 MiB GO alloc/idle/total, 23 MiB/33 MiB CGO alloc/total, 235.0 CGO/sec, 7.6/0.5 %(u/s)time, 0.0 %gc (1x), 814 KiB/214 KiB (r/w)net
I190705 12:17:00.256619 110 server/status/runtime.go:500  [n1] runtime stats: 252 MiB RSS, 148 goroutines, 133 MiB/45 MiB/194 MiB GO alloc/idle/total, 23 MiB/33 MiB CGO alloc/total, 29.4 CGO/sec, 1.1/0.6 %(u/s)time, 0.0 %gc (0x), 525 KiB/39 KiB (r/w)net
I190705 12:17:10.258751 110 server/status/runtime.go:500  [n1] runtime stats: 252 MiB RSS, 148 goroutines, 140 MiB/38 MiB/194 MiB GO alloc/idle/total, 23 MiB/33 MiB CGO alloc/total, 30.5 CGO/sec, 1.3/0.5 %(u/s)time, 0.0 %gc (0x), 1.1 MiB/47 KiB (r/w)net
I190705 12:17:20.014120 106 gossip/gossip.go:557  [n1] gossip status (ok, 1 node)
gossip client (0/3 cur/max conns)
gossip server (0/3 cur/max conns, infos 0/0 sent/received, bytes 0B/0B sent/received)
I190705 12:17:20.262877 110 server/status/runtime.go:500  [n1] runtime stats: 253 MiB RSS, 147 goroutines, 147 MiB/8.2 MiB/170 MiB GO alloc/idle/total, 23 MiB/33 MiB CGO alloc/total, 32.6 CGO/sec, 1.3/0.7 %(u/s)time, 0.0 %gc (0x), 598 KiB/35 KiB (r/w)net
E190705 12:17:20.413699 202 storage/queue.go:930  [n1,replicate] 20 replicas failing with "0 of 1 live stores are able to take a new replica for the range (1 already has a replica); likely not enough nodes in cluster"
I190705 12:17:30.015535 105 storage/store.go:4220  [n1,s1] sstables (read amplification = 1):
6 [ 78K 1 ]: 78K
I190705 12:17:30.015912 105 storage/store.go:4221  [n1,s1] 
** Compaction Stats [default] **
Level    Files   Size     Score Read(GB)  Rn(GB) Rnp1(GB) Write(GB) Wnew(GB) Moved(GB) W-Amp Rd(MB/s) Wr(MB/s) Comp(sec) Comp(cnt) Avg(sec) KeyIn KeyDrop
----------------------------------------------------------------------------------------------------------------------------------------------------------
  L0      0/0    0.00 KB   0.0      0.0     0.0      0.0       0.0      0.0       0.0   1.0      0.0      0.9         0         1    0.061       0      0
  L6      1/0   78.30 KB   0.0      0.0     0.0      0.0       0.0      0.0       0.0   0.6      1.2      0.7         0         1    0.107    2228    410
 Sum      1/0   78.30 KB   0.0      0.0     0.0      0.0       0.0      0.0       0.0   2.4      0.8      0.8         0         2    0.084    2228    410
 Int      0/0    0.00 KB   0.0      0.0     0.0      0.0       0.0      0.0       0.0   0.0      0.0      0.0         0         0    0.000       0      0
Uptime(secs): 610.6 total, 600.0 interval
Flush(GB): cumulative 0.000, interval 0.000
AddFile(GB): cumulative 0.000, interval 0.000
AddFile(Total Files): cumulative 0, interval 0
AddFile(L0 Files): cumulative 0, interval 0
AddFile(Keys): cumulative 0, interval 0
Cumulative compaction: 0.00 GB write, 0.00 MB/s write, 0.00 GB read, 0.00 MB/s read, 0.2 seconds
Interval compaction: 0.00 GB write, 0.00 MB/s write, 0.00 GB read, 0.00 MB/s read, 0.0 seconds
Stalls(count): 0 level0_slowdown, 0 level0_slowdown_with_compaction, 0 level0_numfiles, 0 level0_numfiles_with_compaction, 0 stop for pending_compaction_bytes, 0 slowdown for pending_compaction_bytes, 0 memtable_compaction, 0 memtable_slowdown, interval 0 total count
estimated_pending_compaction_bytes: 0 B
I190705 12:17:30.266883 110 server/status/runtime.go:500  [n1] runtime stats: 253 MiB RSS, 147 goroutines, 154 MiB/1.1 MiB/170 MiB GO alloc/idle/total, 23 MiB/33 MiB CGO alloc/total, 27.7 CGO/sec, 1.0/0.8 %(u/s)time, 0.0 %gc (0x), 510 KiB/28 KiB (r/w)net
I190705 12:17:40.271389 110 server/status/runtime.go:500  [n1] runtime stats: 258 MiB RSS, 147 goroutines, 81 MiB/76 MiB/179 MiB GO alloc/idle/total, 23 MiB/33 MiB CGO alloc/total, 25.9 CGO/sec, 1.4/0.7 %(u/s)time, 0.0 %gc (1x), 1.0 MiB/44 KiB (r/w)net
I190705 12:17:49.403603 1 cli/start.go:765  received signal 'interrupt'
I190705 12:17:49.453826 1 cli/start.go:830  initiating graceful shutdown of server
I190705 12:17:49.521533 2100 util/stop/stopper.go:546  [server drain process] quiescing; tasks left:
1      [async] intent_resolver_ir_batcher
1      [async] intent_resolver_gc_batcher
1      [async] closedts-rangefeed-subscriber
I190705 12:17:49.565809 2100 storage/engine/rocksdb.go:746  closing rocksdb instance at "/home/conan/Documents/golang/cockroach-data/cockroach-temp476268926"
I190705 12:17:49.622604 2100 storage/engine/rocksdb.go:746  closing rocksdb instance at "/home/conan/Documents/golang/cockroach-data"
I190705 12:17:49.704162 1 cli/start.go:876  server drained and shutdown completed
I190705 12:17:49.777714 1 cli/error.go:229  interrupted
Error: interrupted
